{
  "RSpec": {
    "coverage": {
      "/Users/ollieshmollie/Projects/apps/WaveCastr/spec/controllers/episodes_controller_spec.rb": [
        1,
        null,
        1,
        null,
        6,
        6,
        null,
        1,
        5,
        null,
        null,
        1,
        null,
        1,
        1,
        1,
        1,
        null,
        null,
        null,
        null,
        1,
        null,
        1,
        1,
        1,
        1,
        null,
        null,
        1,
        1,
        1,
        1,
        1,
        1,
        null,
        null,
        null,
        1,
        null,
        1,
        1,
        1,
        1,
        1,
        null,
        null,
        1,
        1,
        1,
        1,
        null,
        null,
        null,
        null,
        null,
        null
      ],
      "/Users/ollieshmollie/Projects/apps/WaveCastr/spec/rails_helper.rb": [
        null,
        1,
        1,
        null,
        1,
        1,
        1,
        null,
        1,
        1,
        1,
        1,
        null,
        null,
        null,
        null,
        null,
        null,
        null,
        null,
        null,
        null,
        null,
        null,
        null,
        null,
        5,
        null,
        null,
        null,
        1,
        null,
        1,
        null,
        1,
        1,
        1,
        null,
        null,
        null,
        null,
        null,
        null,
        null,
        1,
        1,
        null,
        null,
        1,
        31,
        null,
        null,
        1,
        3,
        null,
        null,
        1,
        31,
        null,
        null,
        1,
        31,
        null,
        null,
        null,
        null,
        null,
        null,
        null,
        null,
        null,
        null,
        null,
        null,
        null,
        null,
        null,
        1,
        null,
        null,
        1,
        null,
        null,
        null,
        null,
        1,
        1,
        1,
        null,
        1,
        1,
        1,
        null
      ],
      "/Users/ollieshmollie/Projects/apps/WaveCastr/config/environment.rb": [
        null,
        1,
        null,
        null,
        1
      ],
      "/Users/ollieshmollie/Projects/apps/WaveCastr/config/application.rb": [
        1,
        null,
        1,
        null,
        null,
        null,
        1,
        null,
        1,
        1,
        null,
        null,
        null,
        1,
        null,
        null
      ],
      "/Users/ollieshmollie/Projects/apps/WaveCastr/config/boot.rb": [
        1,
        null,
        1
      ],
      "/Users/ollieshmollie/Projects/apps/WaveCastr/config/environments/test.rb": [
        1,
        null,
        null,
        null,
        null,
        null,
        null,
        1,
        null,
        null,
        null,
        null,
        1,
        null,
        null,
        1,
        1,
        null,
        null,
        null,
        null,
        1,
        1,
        null,
        null,
        1,
        null,
        null,
        1,
        1,
        null,
        null,
        null,
        null,
        1,
        null,
        null,
        1,
        null,
        null,
        null,
        null
      ],
      "/Users/ollieshmollie/Projects/apps/WaveCastr/config/initializers/application_controller_renderer.rb": [
        null,
        null,
        null,
        null,
        null,
        null
      ],
      "/Users/ollieshmollie/Projects/apps/WaveCastr/config/initializers/assets.rb": [
        null,
        null,
        null,
        1,
        null,
        null,
        null,
        null,
        null,
        null,
        null
      ],
      "/Users/ollieshmollie/Projects/apps/WaveCastr/config/initializers/aws.rb": [
        1,
        null,
        null,
        null,
        null,
        null,
        null,
        1,
        null
      ],
      "/Users/ollieshmollie/Projects/apps/WaveCastr/config/initializers/backtrace_silencers.rb": [
        null,
        null,
        null,
        null,
        null,
        null,
        null
      ],
      "/Users/ollieshmollie/Projects/apps/WaveCastr/config/initializers/cookies_serializer.rb": [
        null,
        null,
        null,
        null,
        1
      ],
      "/Users/ollieshmollie/Projects/apps/WaveCastr/config/initializers/devise.rb": [
        null,
        null,
        1,
        null,
        null,
        null,
        null,
        null,
        1,
        null,
        null,
        null,
        null,
        null,
        null,
        1,
        null,
        null,
        null,
        null,
        null,
        null,
        null,
        null,
        null,
        null,
        null,
        1,
        null,
        null,
        null,
        null,
        null,
        null,
        null,
        null,
        null,
        null,
        null,
        null,
        null,
        null,
        null,
        null,
        null,
        null,
        null,
        null,
        null,
        1,
        null,
        null,
        null,
        null,
        1,
        null,
        null,
        null,
        null,
        null,
        null,
        null,
        null,
        null,
        null,
        null,
        null,
        null,
        null,
        null,
        null,
        null,
        null,
        null,
        null,
        null,
        null,
        null,
        null,
        null,
        null,
        null,
        null,
        null,
        null,
        1,
        null,
        null,
        null,
        null,
        null,
        null,
        null,
        null,
        null,
        null,
        null,
        null,
        null,
        null,
        null,
        null,
        null,
        null,
        null,
        null,
        null,
        null,
        1,
        null,
        null,
        null,
        null,
        null,
        null,
        null,
        null,
        null,
        null,
        null,
        null,
        null,
        null,
        null,
        null,
        null,
        null,
        null,
        null,
        null,
        null,
        null,
        null,
        null,
        null,
        null,
        null,
        1,
        null,
        null,
        null,
        null,
        null,
        null,
        null,
        null,
        null,
        1,
        null,
        null,
        null,
        null,
        null,
        null,
        null,
        null,
        null,
        null,
        1,
        null,
        null,
        null,
        null,
        1,
        null,
        null,
        null,
        null,
        null,
        null,
        null,
        null,
        null,
        null,
        null,
        null,
        null,
        null,
        null,
        null,
        null,
        null,
        null,
        null,
        null,
        null,
        null,
        null,
        null,
        null,
        null,
        null,
        null,
        null,
        null,
        null,
        null,
        null,
        null,
        null,
        null,
        null,
        null,
        null,
        1,
        null,
        null,
        null,
        null,
        null,
        null,
        null,
        null,
        null,
        null,
        null,
        null,
        null,
        null,
        null,
        null,
        null,
        null,
        null,
        1,
        null,
        null,
        null,
        null,
        null,
        null,
        null,
        null,
        null,
        null,
        null,
        null,
        null,
        null,
        null,
        null,
        null,
        null,
        null,
        null,
        null,
        1,
        null,
        null,
        null,
        null,
        null,
        null,
        null,
        null,
        null,
        null,
        null,
        null,
        null,
        null,
        null,
        null,
        null,
        null,
        null,
        null,
        null,
        null,
        null,
        null,
        null,
        null,
        null,
        null,
        null
      ],
      "/Users/ollieshmollie/Projects/apps/WaveCastr/config/initializers/filter_parameter_logging.rb": [
        null,
        null,
        null,
        1
      ],
      "/Users/ollieshmollie/Projects/apps/WaveCastr/config/initializers/inflections.rb": [
        null,
        null,
        null,
        null,
        null,
        null,
        null,
        null,
        null,
        null,
        null,
        null,
        null,
        null,
        null,
        null
      ],
      "/Users/ollieshmollie/Projects/apps/WaveCastr/config/initializers/mime_types.rb": [
        null,
        null,
        null,
        null
      ],
      "/Users/ollieshmollie/Projects/apps/WaveCastr/config/initializers/new_framework_defaults.rb": [
        null,
        null,
        null,
        null,
        null,
        null,
        null,
        1,
        null,
        null,
        1,
        null,
        null,
        null,
        1,
        null,
        null,
        1,
        null,
        null,
        1,
        null,
        null,
        1
      ],
      "/Users/ollieshmollie/Projects/apps/WaveCastr/config/initializers/session_store.rb": [
        null,
        null,
        1
      ],
      "/Users/ollieshmollie/Projects/apps/WaveCastr/config/initializers/wrap_parameters.rb": [
        null,
        null,
        null,
        null,
        null,
        null,
        1,
        2,
        null,
        null,
        null,
        null,
        null,
        null
      ],
      "/Users/ollieshmollie/Projects/apps/WaveCastr/spec/factories.rb": [
        1,
        1,
        1,
        1,
        1,
        null,
        null,
        1,
        1,
        1,
        1,
        null,
        null,
        1,
        1,
        null,
        null,
        null
      ],
      "/Users/ollieshmollie/Projects/apps/WaveCastr/config/routes.rb": [
        1,
        1,
        null,
        1,
        1,
        null,
        1,
        1,
        1,
        null,
        1,
        null,
        1,
        null,
        1,
        null,
        1,
        null,
        null
      ],
      "/Users/ollieshmollie/Projects/apps/WaveCastr/app/models/user.rb": [
        1,
        null,
        null,
        1,
        null,
        1,
        1,
        1,
        null,
        1,
        20,
        null,
        null
      ],
      "/Users/ollieshmollie/Projects/apps/WaveCastr/app/models/application_record.rb": [
        1,
        1,
        null
      ],
      "/Users/ollieshmollie/Projects/apps/WaveCastr/app/helpers/application_helper.rb": [
        1,
        null
      ],
      "/Users/ollieshmollie/Projects/apps/WaveCastr/app/helpers/episodes_helper.rb": [
        1,
        1,
        0,
        null,
        null,
        1,
        36,
        null,
        null,
        1,
        9,
        null,
        null,
        null
      ],
      "/Users/ollieshmollie/Projects/apps/WaveCastr/app/helpers/guests_helper.rb": [
        1,
        1,
        15,
        null,
        null
      ],
      "/Users/ollieshmollie/Projects/apps/WaveCastr/app/helpers/tracks_helper.rb": [
        1,
        null
      ],
      "/Users/ollieshmollie/Projects/apps/WaveCastr/app/helpers/user_helper.rb": [
        1,
        null
      ],
      "/Users/ollieshmollie/Projects/apps/WaveCastr/app/helpers/welcome_helper.rb": [
        1,
        null
      ],
      "/Users/ollieshmollie/Projects/apps/WaveCastr/spec/support/episodes_helper.rb": [
        1,
        1,
        2,
        2,
        2,
        null,
        2,
        2,
        null,
        null,
        null,
        1,
        1,
        null
      ],
      "/Users/ollieshmollie/Projects/apps/WaveCastr/spec/support/guest_helper.rb": [
        1,
        1,
        2,
        2,
        2,
        null,
        2,
        null,
        null,
        1,
        2,
        2,
        2,
        null,
        2,
        null,
        null,
        null,
        1,
        1,
        null
      ],
      "/Users/ollieshmollie/Projects/apps/WaveCastr/spec/support/login_helper.rb": [
        1,
        1,
        6,
        6,
        6,
        6,
        6,
        null,
        null,
        null,
        null,
        1,
        1,
        null
      ],
      "/Users/ollieshmollie/Projects/apps/WaveCastr/spec/support/page_helper.rb": [
        1,
        1,
        3,
        null,
        null,
        1,
        2,
        null,
        null,
        null,
        1,
        1,
        null
      ],
      "/Users/ollieshmollie/Projects/apps/WaveCastr/app/controllers/episodes_controller.rb": [
        1,
        null,
        1,
        1,
        null,
        1,
        10,
        10,
        10,
        10,
        null,
        null,
        1,
        5,
        5,
        4,
        4,
        null,
        1,
        1,
        null,
        null,
        null,
        1,
        2,
        2,
        2,
        2,
        null,
        null,
        1,
        1,
        20,
        null,
        null,
        1,
        6,
        6,
        null,
        null,
        1,
        12,
        12,
        null,
        null,
        1,
        10,
        null,
        null,
        null,
        1,
        2,
        2,
        0,
        null,
        null,
        null,
        1,
        5,
        null,
        null
      ],
      "/Users/ollieshmollie/Projects/apps/WaveCastr/app/controllers/application_controller.rb": [
        1,
        1,
        1,
        null,
        1,
        6,
        6,
        null,
        null,
        1,
        7,
        null,
        null,
        1,
        0,
        null,
        null,
        1,
        null,
        1,
        17,
        null,
        null
      ],
      "/Users/ollieshmollie/Projects/apps/WaveCastr/spec/controllers/guests_controller_spec.rb": [
        1,
        null,
        1,
        null,
        2,
        2,
        null,
        1,
        1,
        1,
        null,
        null,
        null
      ],
      "/Users/ollieshmollie/Projects/apps/WaveCastr/app/controllers/guests_controller.rb": [
        1,
        1,
        3,
        3,
        3,
        3,
        null,
        0,
        null,
        null,
        null,
        1,
        1,
        3,
        null,
        null
      ],
      "/Users/ollieshmollie/Projects/apps/WaveCastr/spec/controllers/tracks_controller_spec.rb": [
        1,
        null,
        1,
        null,
        null
      ],
      "/Users/ollieshmollie/Projects/apps/WaveCastr/app/controllers/tracks_controller.rb": [
        1,
        1,
        0,
        0,
        0,
        0,
        null,
        0,
        null,
        null,
        null,
        1,
        1,
        0,
        null,
        null
      ],
      "/Users/ollieshmollie/Projects/apps/WaveCastr/spec/controllers/users_controller_spec.rb": [
        1,
        null,
        1,
        null,
        3,
        null,
        1,
        1,
        1,
        1,
        null,
        null,
        1,
        1,
        1,
        1,
        null,
        null
      ],
      "/Users/ollieshmollie/Projects/apps/WaveCastr/app/controllers/users_controller.rb": [
        1,
        1,
        null,
        1,
        9,
        null,
        null
      ],
      "/Users/ollieshmollie/Projects/apps/WaveCastr/spec/controllers/welcome_controller_spec.rb": [
        1,
        null,
        1,
        null,
        1,
        1,
        1,
        1,
        null,
        null,
        null,
        null
      ],
      "/Users/ollieshmollie/Projects/apps/WaveCastr/app/controllers/welcome_controller.rb": [
        1,
        1,
        null,
        null,
        1,
        0,
        null,
        null,
        null
      ],
      "/Users/ollieshmollie/Projects/apps/WaveCastr/spec/features/appearances_spec.rb": [
        1,
        null,
        1,
        3,
        null,
        1,
        2,
        2,
        2,
        null,
        null,
        1,
        1,
        1,
        1,
        null,
        null,
        1,
        1,
        null,
        1,
        null,
        null,
        1,
        1,
        1,
        1,
        null,
        null,
        null,
        1,
        1,
        null,
        1,
        1,
        null,
        null
      ],
      "/Users/ollieshmollie/Projects/apps/WaveCastr/spec/features/auths_spec.rb": [
        1,
        null,
        1,
        3,
        3,
        null,
        1,
        1,
        1,
        1,
        null,
        null,
        1,
        1,
        1,
        1,
        null,
        null
      ],
      "/Users/ollieshmollie/Projects/apps/WaveCastr/spec/features/chats_spec.rb": [
        1,
        null,
        1,
        2,
        2,
        null,
        1,
        1,
        1,
        1,
        1,
        null,
        1,
        1,
        null,
        null,
        1,
        1,
        1,
        1,
        null,
        1,
        1,
        null,
        null,
        null
      ],
      "/Users/ollieshmollie/Projects/apps/WaveCastr/spec/features/delete_episodes_spec.rb": [
        1,
        null,
        1,
        null,
        2,
        2,
        null,
        1,
        1,
        1,
        1,
        null,
        null,
        1,
        1,
        1,
        1,
        null,
        1,
        null,
        null,
        null
      ],
      "/Users/ollieshmollie/Projects/apps/WaveCastr/spec/features/new_episodes_spec.rb": [
        1,
        null,
        1,
        null,
        3,
        null,
        1,
        2,
        2,
        2,
        2,
        2,
        null,
        null,
        null,
        1,
        1,
        1,
        null,
        null,
        1,
        1,
        1,
        1,
        null,
        1,
        1,
        null,
        1,
        null,
        null
      ],
      "/Users/ollieshmollie/Projects/apps/WaveCastr/spec/features/new_guests_spec.rb": [
        1,
        null,
        1,
        null,
        2,
        2,
        null,
        1,
        1,
        1,
        null,
        null,
        1,
        1,
        1,
        1,
        null,
        null,
        null,
        null,
        null,
        null,
        null,
        null,
        null,
        null,
        null,
        null,
        null
      ],
      "/Users/ollieshmollie/Projects/apps/WaveCastr/spec/models/episode_spec.rb": [
        1,
        null,
        1,
        null,
        3,
        1,
        8,
        null,
        1,
        null,
        1,
        1,
        null,
        null,
        1,
        1,
        null,
        null,
        1,
        1,
        1,
        null,
        null,
        null,
        null,
        1,
        null,
        1,
        1,
        1,
        null,
        null,
        1,
        1,
        1,
        null,
        null,
        1,
        1,
        1,
        1,
        null,
        null,
        null,
        null,
        1,
        null,
        1,
        1,
        1,
        null,
        null,
        null,
        null
      ],
      "/Users/ollieshmollie/Projects/apps/WaveCastr/app/models/episode.rb": [
        1,
        1,
        1,
        1,
        1,
        1,
        null,
        1,
        1,
        16,
        null,
        null
      ],
      "/Users/ollieshmollie/Projects/apps/WaveCastr/spec/models/guest_spec.rb": [
        1,
        null,
        1,
        null,
        1,
        4,
        3,
        1,
        null,
        1,
        null,
        1,
        1,
        null,
        null,
        null,
        null,
        1,
        null,
        1,
        1,
        1,
        null,
        null,
        null,
        null,
        1,
        null,
        1,
        1,
        1,
        1,
        null,
        null,
        null,
        null
      ],
      "/Users/ollieshmollie/Projects/apps/WaveCastr/app/models/guest.rb": [
        1,
        1,
        1,
        null,
        10,
        5,
        null,
        null
      ],
      "/Users/ollieshmollie/Projects/apps/WaveCastr/spec/models/track_spec.rb": [
        1,
        null,
        1,
        null,
        3,
        3,
        3,
        3,
        null,
        1,
        1,
        1,
        null,
        null,
        null,
        1,
        null,
        1,
        1,
        1,
        null,
        null,
        null,
        null,
        null
      ],
      "/Users/ollieshmollie/Projects/apps/WaveCastr/app/models/track.rb": [
        1,
        1,
        1,
        1,
        null,
        1,
        null,
        1,
        0,
        null,
        null,
        1,
        0,
        null,
        null,
        1,
        1,
        0,
        null,
        null,
        1,
        0,
        null,
        null,
        1,
        0,
        null,
        null
      ],
      "/Users/ollieshmollie/Projects/apps/WaveCastr/spec/models/user_spec.rb": [
        1,
        null,
        1,
        null,
        2,
        1,
        2,
        1,
        null,
        1,
        1,
        1,
        1,
        null,
        null,
        null,
        null
      ],
      "/Users/ollieshmollie/Projects/apps/WaveCastr/app/jobs/appearance_broadcast_job.rb": [
        1,
        1,
        null,
        1,
        9,
        null,
        null,
        null,
        null,
        null,
        1,
        1,
        9,
        null,
        null
      ],
      "/Users/ollieshmollie/Projects/apps/WaveCastr/app/jobs/application_job.rb": [
        1,
        null
      ],
      "/Users/ollieshmollie/Projects/apps/WaveCastr/app/channels/application_cable/connection.rb": [
        1,
        1,
        1,
        null,
        1,
        12,
        null,
        null,
        null
      ],
      "/Users/ollieshmollie/Projects/apps/WaveCastr/app/channels/tracks_channel.rb": [
        1,
        1,
        12,
        null,
        null,
        1,
        0,
        null,
        null,
        null
      ],
      "/Users/ollieshmollie/Projects/apps/WaveCastr/app/channels/application_cable/channel.rb": [
        1,
        1,
        null,
        null
      ],
      "/Users/ollieshmollie/Projects/apps/WaveCastr/app/channels/chat_channel.rb": [
        1,
        1,
        12,
        null,
        null,
        1,
        null,
        null,
        1,
        1,
        null,
        null,
        null
      ],
      "/Users/ollieshmollie/Projects/apps/WaveCastr/app/channels/appearances_channel.rb": [
        1,
        1,
        12,
        null,
        null,
        1,
        12,
        null,
        null,
        1,
        0,
        0,
        0,
        0,
        null,
        null,
        null,
        null,
        null,
        null,
        null
      ],
      "/Users/ollieshmollie/Projects/apps/WaveCastr/app/channels/recorder_channel.rb": [
        1,
        1,
        12,
        null,
        null,
        1,
        0,
        null,
        null
      ],
      "/Users/ollieshmollie/Projects/apps/WaveCastr/app/jobs/guest_cleanup_job.rb": [
        1,
        1,
        null,
        1,
        1,
        null,
        null,
        null,
        null,
        null
      ]
    },
    "timestamp": 1492921269
  }
}
